DEPRECATION WARNING: ActiveRecord::Base.raise_in_transactional_callbacks= is deprecated, has no effect and will be removed without replacement. (called from load at /Users/colin/.gem/ruby/2.3.3/bin/rake:22)
  [1m[35m (7.9ms)[0m  [1m[35mCREATE TABLE "schema_migrations" ("version" character varying PRIMARY KEY)[0m
  [1m[35m (3.6ms)[0m  [1m[35mCREATE TABLE "ar_internal_metadata" ("key" character varying PRIMARY KEY, "value" character varying, "created_at" timestamp NOT NULL, "updated_at" timestamp NOT NULL)[0m
  [1m[35m (0.4ms)[0m  [1m[34mSELECT pg_try_advisory_lock(7913082835282300095);[0m
  [1m[36mActiveRecord::SchemaMigration Load (0.4ms)[0m  [1m[34mSELECT "schema_migrations".* FROM "schema_migrations"[0m
  [1m[36mActiveRecord::InternalMetadata Load (0.4ms)[0m  [1m[34mSELECT  "ar_internal_metadata".* FROM "ar_internal_metadata" WHERE "ar_internal_metadata"."key" = $1 LIMIT $2[0m  [["key", "environment"], ["LIMIT", 1]]
  [1m[35m (0.1ms)[0m  [1m[35mBEGIN[0m
  [1m[35mSQL (0.4ms)[0m  [1m[32mINSERT INTO "ar_internal_metadata" ("key", "value", "created_at", "updated_at") VALUES ($1, $2, $3, $4) RETURNING "key"[0m  [["key", "environment"], ["value", "development"], ["created_at", "2017-08-02 20:19:13.590949"], ["updated_at", "2017-08-02 20:19:13.590949"]]
  [1m[35m (0.5ms)[0m  [1m[35mCOMMIT[0m
  [1m[35m (0.3ms)[0m  [1m[34mSELECT pg_advisory_unlock(7913082835282300095)[0m
  [1m[36mActiveRecord::SchemaMigration Load (0.2ms)[0m  [1m[34mSELECT "schema_migrations".* FROM "schema_migrations"[0m
Started GET "/concerts" for 127.0.0.1 at 2017-08-02 16:21:02 -0400
DEPRECATION WARNING: ActiveRecord::Base.raise_in_transactional_callbacks= is deprecated, has no effect and will be removed without replacement. (called from block (3 levels) in <class:Railtie> at /Users/colin/.gem/ruby/2.3.3/gems/activerecord-5.0.5/lib/active_record/railtie.rb:113)
  
ActionController::RoutingError (No route matches [GET] "/concerts"):
  
actionpack (5.0.5) lib/action_dispatch/middleware/debug_exceptions.rb:53:in `call'
web-console (2.3.0) lib/web_console/middleware.rb:28:in `block in call'
web-console (2.3.0) lib/web_console/middleware.rb:18:in `catch'
web-console (2.3.0) lib/web_console/middleware.rb:18:in `call'
actionpack (5.0.5) lib/action_dispatch/middleware/show_exceptions.rb:31:in `call'
railties (5.0.5) lib/rails/rack/logger.rb:36:in `call_app'
railties (5.0.5) lib/rails/rack/logger.rb:24:in `block in call'
activesupport (5.0.5) lib/active_support/tagged_logging.rb:69:in `block in tagged'
activesupport (5.0.5) lib/active_support/tagged_logging.rb:26:in `tagged'
activesupport (5.0.5) lib/active_support/tagged_logging.rb:69:in `tagged'
railties (5.0.5) lib/rails/rack/logger.rb:24:in `call'
actionpack (5.0.5) lib/action_dispatch/middleware/request_id.rb:24:in `call'
rack (2.0.3) lib/rack/method_override.rb:22:in `call'
rack (2.0.3) lib/rack/runtime.rb:22:in `call'
activesupport (5.0.5) lib/active_support/cache/strategy/local_cache_middleware.rb:28:in `call'
actionpack (5.0.5) lib/action_dispatch/middleware/executor.rb:12:in `call'
actionpack (5.0.5) lib/action_dispatch/middleware/static.rb:136:in `call'
rack (2.0.3) lib/rack/sendfile.rb:111:in `call'
railties (5.0.5) lib/rails/engine.rb:522:in `call'
puma (3.9.1) lib/puma/configuration.rb:224:in `call'
puma (3.9.1) lib/puma/server.rb:602:in `handle_request'
puma (3.9.1) lib/puma/server.rb:435:in `process_client'
puma (3.9.1) lib/puma/server.rb:299:in `block in run'
puma (3.9.1) lib/puma/thread_pool.rb:120:in `block in spawn_thread'
  Rendering /Users/colin/.gem/ruby/2.3.3/gems/actionpack-5.0.5/lib/action_dispatch/middleware/templates/rescues/routing_error.html.erb within rescues/layout
  Rendering /Users/colin/.gem/ruby/2.3.3/gems/actionpack-5.0.5/lib/action_dispatch/middleware/templates/rescues/_trace.html.erb
  Rendered /Users/colin/.gem/ruby/2.3.3/gems/actionpack-5.0.5/lib/action_dispatch/middleware/templates/rescues/_trace.html.erb (1.1ms)
  Rendered collection of /Users/colin/.gem/ruby/2.3.3/gems/actionpack-5.0.5/lib/action_dispatch/middleware/templates/routes/_route.html.erb [2 times] (1.4ms)
  Rendered /Users/colin/.gem/ruby/2.3.3/gems/actionpack-5.0.5/lib/action_dispatch/middleware/templates/routes/_table.html.erb (4.0ms)
  Rendering /Users/colin/.gem/ruby/2.3.3/gems/actionpack-5.0.5/lib/action_dispatch/middleware/templates/rescues/_request_and_response.html.erb
  Rendered /Users/colin/.gem/ruby/2.3.3/gems/actionpack-5.0.5/lib/action_dispatch/middleware/templates/rescues/_request_and_response.html.erb (9.6ms)
  Rendered /Users/colin/.gem/ruby/2.3.3/gems/actionpack-5.0.5/lib/action_dispatch/middleware/templates/rescues/routing_error.html.erb within rescues/layout (113.9ms)
DEPRECATION WARNING: Accessing mime types via constants is deprecated. Please change `Mime::HTML` to `Mime[:html]`. (called from acceptable_content_type? at /Users/colin/.gem/ruby/2.3.3/gems/web-console-2.3.0/lib/web_console/middleware.rb:58)
  Rendering /Users/colin/.gem/ruby/2.3.3/gems/web-console-2.3.0/lib/web_console/templates/index.html.erb
  Rendered /Users/colin/.gem/ruby/2.3.3/gems/web-console-2.3.0/lib/web_console/templates/_markup.html.erb (0.6ms)
  Rendering /Users/colin/.gem/ruby/2.3.3/gems/web-console-2.3.0/lib/web_console/templates/console.js.erb within layouts/javascript
  Rendering /Users/colin/.gem/ruby/2.3.3/gems/web-console-2.3.0/lib/web_console/templates/_inner_console_markup.html.erb within layouts/inlined_string
  Rendered /Users/colin/.gem/ruby/2.3.3/gems/web-console-2.3.0/lib/web_console/templates/_inner_console_markup.html.erb within layouts/inlined_string (0.4ms)
  Rendering /Users/colin/.gem/ruby/2.3.3/gems/web-console-2.3.0/lib/web_console/templates/_prompt_box_markup.html.erb within layouts/inlined_string
  Rendered /Users/colin/.gem/ruby/2.3.3/gems/web-console-2.3.0/lib/web_console/templates/_prompt_box_markup.html.erb within layouts/inlined_string (0.3ms)
  Rendering /Users/colin/.gem/ruby/2.3.3/gems/web-console-2.3.0/lib/web_console/templates/style.css.erb within layouts/inlined_string
  Rendered /Users/colin/.gem/ruby/2.3.3/gems/web-console-2.3.0/lib/web_console/templates/style.css.erb within layouts/inlined_string (0.4ms)
DEPRECATION WARNING: Accessing mime types via constants is deprecated. Please change `Mime::WEB_CONSOLE_V2` to `Mime[:web_console_v2]`. (called from ___sers_colin__gem_ruby_______gems_web_console_______lib_web_console_templates_console_js_erb__3795932877759131425_70294147352440 at /Users/colin/.gem/ruby/2.3.3/gems/web-console-2.3.0/lib/web_console/templates/console.js.erb:491)
  Rendered /Users/colin/.gem/ruby/2.3.3/gems/web-console-2.3.0/lib/web_console/templates/console.js.erb within layouts/javascript (69.3ms)
  Rendering /Users/colin/.gem/ruby/2.3.3/gems/web-console-2.3.0/lib/web_console/templates/main.js.erb within layouts/javascript
  Rendered /Users/colin/.gem/ruby/2.3.3/gems/web-console-2.3.0/lib/web_console/templates/main.js.erb within layouts/javascript (0.3ms)
  Rendering /Users/colin/.gem/ruby/2.3.3/gems/web-console-2.3.0/lib/web_console/templates/error_page.js.erb within layouts/javascript
  Rendered /Users/colin/.gem/ruby/2.3.3/gems/web-console-2.3.0/lib/web_console/templates/error_page.js.erb within layouts/javascript (0.4ms)
  Rendered /Users/colin/.gem/ruby/2.3.3/gems/web-console-2.3.0/lib/web_console/templates/index.html.erb (143.3ms)
Started GET "/" for 127.0.0.1 at 2017-08-02 16:21:06 -0400
Processing by StaticPagesController#index as HTML
  Rendering static_pages/index.html.haml within layouts/application
  Rendered static_pages/index.html.haml within layouts/application (11.5ms)
Completed 500 Internal Server Error in 4077ms (ActiveRecord: 0.0ms)


  
ActionView::Template::Error ($color: "foreground(#2199e8)" is not a color for `red'):
     7: 
     8:     %title= content_for?(:title) ? yield(:title) : "Untitled"
     9: 
    10:     = stylesheet_link_tag "application"
    11:     = javascript_include_tag "application", "data-turbolinks-track" => true
    12:     = csrf_meta_tag
    13: 
  
app/assets/stylesheets/foundation_and_overrides.scss:21
app/assets/stylesheets/application.scss:1
app/views/layouts/application.html.haml:10:in `_app_views_layouts_application_html_haml___1002751958532755975_70294157756000'
  Rendering /Users/colin/.gem/ruby/2.3.3/gems/actionpack-5.0.5/lib/action_dispatch/middleware/templates/rescues/template_error.html.erb within rescues/layout
  Rendering /Users/colin/.gem/ruby/2.3.3/gems/actionpack-5.0.5/lib/action_dispatch/middleware/templates/rescues/_source.html.erb
  Rendered /Users/colin/.gem/ruby/2.3.3/gems/actionpack-5.0.5/lib/action_dispatch/middleware/templates/rescues/_source.html.erb (8.3ms)
  Rendering /Users/colin/.gem/ruby/2.3.3/gems/actionpack-5.0.5/lib/action_dispatch/middleware/templates/rescues/_trace.html.erb
  Rendered /Users/colin/.gem/ruby/2.3.3/gems/actionpack-5.0.5/lib/action_dispatch/middleware/templates/rescues/_trace.html.erb (2.6ms)
  Rendering /Users/colin/.gem/ruby/2.3.3/gems/actionpack-5.0.5/lib/action_dispatch/middleware/templates/rescues/_request_and_response.html.erb
  Rendered /Users/colin/.gem/ruby/2.3.3/gems/actionpack-5.0.5/lib/action_dispatch/middleware/templates/rescues/_request_and_response.html.erb (0.8ms)
  Rendered /Users/colin/.gem/ruby/2.3.3/gems/actionpack-5.0.5/lib/action_dispatch/middleware/templates/rescues/template_error.html.erb within rescues/layout (70.7ms)
DEPRECATION WARNING: #original_exception is deprecated. Use #cause instead. (called from block in render_exception_with_web_console at /Users/colin/.gem/ruby/2.3.3/gems/web-console-2.3.0/lib/web_console/extensions.rb:16)
DEPRECATION WARNING: Accessing mime types via constants is deprecated. Please change `Mime::HTML` to `Mime[:html]`. (called from acceptable_content_type? at /Users/colin/.gem/ruby/2.3.3/gems/web-console-2.3.0/lib/web_console/middleware.rb:58)
  Rendering /Users/colin/.gem/ruby/2.3.3/gems/web-console-2.3.0/lib/web_console/templates/index.html.erb
  Rendered /Users/colin/.gem/ruby/2.3.3/gems/web-console-2.3.0/lib/web_console/templates/_markup.html.erb (0.3ms)
  Rendering /Users/colin/.gem/ruby/2.3.3/gems/web-console-2.3.0/lib/web_console/templates/console.js.erb within layouts/javascript
  Rendering /Users/colin/.gem/ruby/2.3.3/gems/web-console-2.3.0/lib/web_console/templates/_inner_console_markup.html.erb within layouts/inlined_string
  Rendered /Users/colin/.gem/ruby/2.3.3/gems/web-console-2.3.0/lib/web_console/templates/_inner_console_markup.html.erb within layouts/inlined_string (0.3ms)
  Rendering /Users/colin/.gem/ruby/2.3.3/gems/web-console-2.3.0/lib/web_console/templates/_prompt_box_markup.html.erb within layouts/inlined_string
  Rendered /Users/colin/.gem/ruby/2.3.3/gems/web-console-2.3.0/lib/web_console/templates/_prompt_box_markup.html.erb within layouts/inlined_string (0.2ms)
  Rendering /Users/colin/.gem/ruby/2.3.3/gems/web-console-2.3.0/lib/web_console/templates/style.css.erb within layouts/inlined_string
  Rendered /Users/colin/.gem/ruby/2.3.3/gems/web-console-2.3.0/lib/web_console/templates/style.css.erb within layouts/inlined_string (0.3ms)
DEPRECATION WARNING: Accessing mime types via constants is deprecated. Please change `Mime::WEB_CONSOLE_V2` to `Mime[:web_console_v2]`. (called from ___sers_colin__gem_ruby_______gems_web_console_______lib_web_console_templates_console_js_erb__3795932877759131425_70294228588500 at /Users/colin/.gem/ruby/2.3.3/gems/web-console-2.3.0/lib/web_console/templates/console.js.erb:491)
  Rendered /Users/colin/.gem/ruby/2.3.3/gems/web-console-2.3.0/lib/web_console/templates/console.js.erb within layouts/javascript (51.1ms)
  Rendering /Users/colin/.gem/ruby/2.3.3/gems/web-console-2.3.0/lib/web_console/templates/main.js.erb within layouts/javascript
  Rendered /Users/colin/.gem/ruby/2.3.3/gems/web-console-2.3.0/lib/web_console/templates/main.js.erb within layouts/javascript (0.2ms)
  Rendering /Users/colin/.gem/ruby/2.3.3/gems/web-console-2.3.0/lib/web_console/templates/error_page.js.erb within layouts/javascript
  Rendered /Users/colin/.gem/ruby/2.3.3/gems/web-console-2.3.0/lib/web_console/templates/error_page.js.erb within layouts/javascript (0.4ms)
  Rendered /Users/colin/.gem/ruby/2.3.3/gems/web-console-2.3.0/lib/web_console/templates/index.html.erb (114.3ms)
Started GET "/" for 127.0.0.1 at 2017-08-02 16:21:42 -0400
Processing by StaticPagesController#index as HTML
  Rendering static_pages/index.html.haml within layouts/application
  Rendered static_pages/index.html.haml within layouts/application (2.1ms)
Completed 500 Internal Server Error in 1641ms (ActiveRecord: 0.0ms)


  
ActionView::Template::Error ($color: "foreground(#2199e8)" is not a color for `red'):
     7: 
     8:     %title= content_for?(:title) ? yield(:title) : "Untitled"
     9: 
    10:     = stylesheet_link_tag "application"
    11:     = javascript_include_tag "application", "data-turbolinks-track" => true
    12:     = csrf_meta_tag
    13: 
  
app/assets/stylesheets/foundation_and_overrides.scss:21
app/assets/stylesheets/application.scss:1
app/views/layouts/application.html.haml:10:in `_app_views_layouts_application_html_haml___1002751958532755975_70294232373640'
  Rendering /Users/colin/.gem/ruby/2.3.3/gems/actionpack-5.0.5/lib/action_dispatch/middleware/templates/rescues/template_error.html.erb within rescues/layout
  Rendering /Users/colin/.gem/ruby/2.3.3/gems/actionpack-5.0.5/lib/action_dispatch/middleware/templates/rescues/_source.html.erb
  Rendered /Users/colin/.gem/ruby/2.3.3/gems/actionpack-5.0.5/lib/action_dispatch/middleware/templates/rescues/_source.html.erb (6.5ms)
  Rendering /Users/colin/.gem/ruby/2.3.3/gems/actionpack-5.0.5/lib/action_dispatch/middleware/templates/rescues/_trace.html.erb
  Rendered /Users/colin/.gem/ruby/2.3.3/gems/actionpack-5.0.5/lib/action_dispatch/middleware/templates/rescues/_trace.html.erb (2.4ms)
  Rendering /Users/colin/.gem/ruby/2.3.3/gems/actionpack-5.0.5/lib/action_dispatch/middleware/templates/rescues/_request_and_response.html.erb
  Rendered /Users/colin/.gem/ruby/2.3.3/gems/actionpack-5.0.5/lib/action_dispatch/middleware/templates/rescues/_request_and_response.html.erb (0.9ms)
  Rendered /Users/colin/.gem/ruby/2.3.3/gems/actionpack-5.0.5/lib/action_dispatch/middleware/templates/rescues/template_error.html.erb within rescues/layout (67.0ms)
DEPRECATION WARNING: #original_exception is deprecated. Use #cause instead. (called from block in render_exception_with_web_console at /Users/colin/.gem/ruby/2.3.3/gems/web-console-2.3.0/lib/web_console/extensions.rb:16)
DEPRECATION WARNING: Accessing mime types via constants is deprecated. Please change `Mime::HTML` to `Mime[:html]`. (called from acceptable_content_type? at /Users/colin/.gem/ruby/2.3.3/gems/web-console-2.3.0/lib/web_console/middleware.rb:58)
  Rendering /Users/colin/.gem/ruby/2.3.3/gems/web-console-2.3.0/lib/web_console/templates/index.html.erb
  Rendered /Users/colin/.gem/ruby/2.3.3/gems/web-console-2.3.0/lib/web_console/templates/_markup.html.erb (0.3ms)
  Rendering /Users/colin/.gem/ruby/2.3.3/gems/web-console-2.3.0/lib/web_console/templates/console.js.erb within layouts/javascript
  Rendering /Users/colin/.gem/ruby/2.3.3/gems/web-console-2.3.0/lib/web_console/templates/_inner_console_markup.html.erb within layouts/inlined_string
  Rendered /Users/colin/.gem/ruby/2.3.3/gems/web-console-2.3.0/lib/web_console/templates/_inner_console_markup.html.erb within layouts/inlined_string (0.4ms)
  Rendering /Users/colin/.gem/ruby/2.3.3/gems/web-console-2.3.0/lib/web_console/templates/_prompt_box_markup.html.erb within layouts/inlined_string
  Rendered /Users/colin/.gem/ruby/2.3.3/gems/web-console-2.3.0/lib/web_console/templates/_prompt_box_markup.html.erb within layouts/inlined_string (0.2ms)
  Rendering /Users/colin/.gem/ruby/2.3.3/gems/web-console-2.3.0/lib/web_console/templates/style.css.erb within layouts/inlined_string
  Rendered /Users/colin/.gem/ruby/2.3.3/gems/web-console-2.3.0/lib/web_console/templates/style.css.erb within layouts/inlined_string (0.4ms)
DEPRECATION WARNING: Accessing mime types via constants is deprecated. Please change `Mime::WEB_CONSOLE_V2` to `Mime[:web_console_v2]`. (called from ___sers_colin__gem_ruby_______gems_web_console_______lib_web_console_templates_console_js_erb__3795932877759131425_70294253371640 at /Users/colin/.gem/ruby/2.3.3/gems/web-console-2.3.0/lib/web_console/templates/console.js.erb:491)
  Rendered /Users/colin/.gem/ruby/2.3.3/gems/web-console-2.3.0/lib/web_console/templates/console.js.erb within layouts/javascript (53.4ms)
  Rendering /Users/colin/.gem/ruby/2.3.3/gems/web-console-2.3.0/lib/web_console/templates/main.js.erb within layouts/javascript
  Rendered /Users/colin/.gem/ruby/2.3.3/gems/web-console-2.3.0/lib/web_console/templates/main.js.erb within layouts/javascript (0.3ms)
  Rendering /Users/colin/.gem/ruby/2.3.3/gems/web-console-2.3.0/lib/web_console/templates/error_page.js.erb within layouts/javascript
  Rendered /Users/colin/.gem/ruby/2.3.3/gems/web-console-2.3.0/lib/web_console/templates/error_page.js.erb within layouts/javascript (0.4ms)
  Rendered /Users/colin/.gem/ruby/2.3.3/gems/web-console-2.3.0/lib/web_console/templates/index.html.erb (123.0ms)
Started GET "/" for 127.0.0.1 at 2017-08-02 16:21:57 -0400
Processing by StaticPagesController#index as HTML
  Rendering static_pages/index.html.haml within layouts/application
  Rendered static_pages/index.html.haml within layouts/application (1.7ms)
Completed 500 Internal Server Error in 1605ms (ActiveRecord: 0.0ms)


  
ActionView::Template::Error ($color: "foreground(#2199e8)" is not a color for `red'):
     7: 
     8:     %title= content_for?(:title) ? yield(:title) : "Untitled"
     9: 
    10:     = stylesheet_link_tag "application"
    11:     = javascript_include_tag "application", "data-turbolinks-track" => true
    12:     = csrf_meta_tag
    13: 
  
app/assets/stylesheets/foundation_and_overrides.scss:21
app/assets/stylesheets/application.scss:1
app/views/layouts/application.html.haml:10:in `_app_views_layouts_application_html_haml___1002751958532755975_70294236256260'
  Rendering /Users/colin/.gem/ruby/2.3.3/gems/actionpack-5.0.5/lib/action_dispatch/middleware/templates/rescues/template_error.html.erb within rescues/layout
  Rendering /Users/colin/.gem/ruby/2.3.3/gems/actionpack-5.0.5/lib/action_dispatch/middleware/templates/rescues/_source.html.erb
  Rendered /Users/colin/.gem/ruby/2.3.3/gems/actionpack-5.0.5/lib/action_dispatch/middleware/templates/rescues/_source.html.erb (7.7ms)
  Rendering /Users/colin/.gem/ruby/2.3.3/gems/actionpack-5.0.5/lib/action_dispatch/middleware/templates/rescues/_trace.html.erb
  Rendered /Users/colin/.gem/ruby/2.3.3/gems/actionpack-5.0.5/lib/action_dispatch/middleware/templates/rescues/_trace.html.erb (3.0ms)
  Rendering /Users/colin/.gem/ruby/2.3.3/gems/actionpack-5.0.5/lib/action_dispatch/middleware/templates/rescues/_request_and_response.html.erb
  Rendered /Users/colin/.gem/ruby/2.3.3/gems/actionpack-5.0.5/lib/action_dispatch/middleware/templates/rescues/_request_and_response.html.erb (1.0ms)
  Rendered /Users/colin/.gem/ruby/2.3.3/gems/actionpack-5.0.5/lib/action_dispatch/middleware/templates/rescues/template_error.html.erb within rescues/layout (76.9ms)
DEPRECATION WARNING: #original_exception is deprecated. Use #cause instead. (called from block in render_exception_with_web_console at /Users/colin/.gem/ruby/2.3.3/gems/web-console-2.3.0/lib/web_console/extensions.rb:16)
DEPRECATION WARNING: Accessing mime types via constants is deprecated. Please change `Mime::HTML` to `Mime[:html]`. (called from acceptable_content_type? at /Users/colin/.gem/ruby/2.3.3/gems/web-console-2.3.0/lib/web_console/middleware.rb:58)
  Rendering /Users/colin/.gem/ruby/2.3.3/gems/web-console-2.3.0/lib/web_console/templates/index.html.erb
  Rendered /Users/colin/.gem/ruby/2.3.3/gems/web-console-2.3.0/lib/web_console/templates/_markup.html.erb (0.4ms)
  Rendering /Users/colin/.gem/ruby/2.3.3/gems/web-console-2.3.0/lib/web_console/templates/console.js.erb within layouts/javascript
  Rendering /Users/colin/.gem/ruby/2.3.3/gems/web-console-2.3.0/lib/web_console/templates/_inner_console_markup.html.erb within layouts/inlined_string
  Rendered /Users/colin/.gem/ruby/2.3.3/gems/web-console-2.3.0/lib/web_console/templates/_inner_console_markup.html.erb within layouts/inlined_string (0.4ms)
  Rendering /Users/colin/.gem/ruby/2.3.3/gems/web-console-2.3.0/lib/web_console/templates/_prompt_box_markup.html.erb within layouts/inlined_string
  Rendered /Users/colin/.gem/ruby/2.3.3/gems/web-console-2.3.0/lib/web_console/templates/_prompt_box_markup.html.erb within layouts/inlined_string (0.4ms)
  Rendering /Users/colin/.gem/ruby/2.3.3/gems/web-console-2.3.0/lib/web_console/templates/style.css.erb within layouts/inlined_string
  Rendered /Users/colin/.gem/ruby/2.3.3/gems/web-console-2.3.0/lib/web_console/templates/style.css.erb within layouts/inlined_string (0.4ms)
DEPRECATION WARNING: Accessing mime types via constants is deprecated. Please change `Mime::WEB_CONSOLE_V2` to `Mime[:web_console_v2]`. (called from ___sers_colin__gem_ruby_______gems_web_console_______lib_web_console_templates_console_js_erb__3795932877759131425_70294173764560 at /Users/colin/.gem/ruby/2.3.3/gems/web-console-2.3.0/lib/web_console/templates/console.js.erb:491)
  Rendered /Users/colin/.gem/ruby/2.3.3/gems/web-console-2.3.0/lib/web_console/templates/console.js.erb within layouts/javascript (80.0ms)
  Rendering /Users/colin/.gem/ruby/2.3.3/gems/web-console-2.3.0/lib/web_console/templates/main.js.erb within layouts/javascript
  Rendered /Users/colin/.gem/ruby/2.3.3/gems/web-console-2.3.0/lib/web_console/templates/main.js.erb within layouts/javascript (0.4ms)
  Rendering /Users/colin/.gem/ruby/2.3.3/gems/web-console-2.3.0/lib/web_console/templates/error_page.js.erb within layouts/javascript
  Rendered /Users/colin/.gem/ruby/2.3.3/gems/web-console-2.3.0/lib/web_console/templates/error_page.js.erb within layouts/javascript (0.6ms)
  Rendered /Users/colin/.gem/ruby/2.3.3/gems/web-console-2.3.0/lib/web_console/templates/index.html.erb (166.9ms)
Started GET "/" for ::1 at 2017-08-02 16:22:41 -0400
DEPRECATION WARNING: ActiveRecord::Base.raise_in_transactional_callbacks= is deprecated, has no effect and will be removed without replacement. (called from block (3 levels) in <class:Railtie> at /Users/colin/.gem/ruby/2.3.3/gems/activerecord-5.0.5/lib/active_record/railtie.rb:113)
Processing by StaticPagesController#index as HTML
  Rendering static_pages/index.html.haml within layouts/application
  Rendered static_pages/index.html.haml within layouts/application (10.5ms)
Completed 500 Internal Server Error in 1705ms (ActiveRecord: 0.0ms)


  
ActionView::Template::Error ($color: "foreground(#2199e8)" is not a color for `red'):
     7: 
     8:     %title= content_for?(:title) ? yield(:title) : "Untitled"
     9: 
    10:     = stylesheet_link_tag "application"
    11:     = javascript_include_tag "application", "data-turbolinks-track" => true
    12:     = csrf_meta_tag
    13: 
  
app/assets/stylesheets/foundation_and_overrides.scss:21
app/assets/stylesheets/application.scss:1
app/views/layouts/application.html.haml:10:in `_app_views_layouts_application_html_haml__4290244981336853061_70155301864100'
  Rendering /Users/colin/.gem/ruby/2.3.3/gems/actionpack-5.0.5/lib/action_dispatch/middleware/templates/rescues/template_error.html.erb within rescues/layout
  Rendering /Users/colin/.gem/ruby/2.3.3/gems/actionpack-5.0.5/lib/action_dispatch/middleware/templates/rescues/_source.html.erb
  Rendered /Users/colin/.gem/ruby/2.3.3/gems/actionpack-5.0.5/lib/action_dispatch/middleware/templates/rescues/_source.html.erb (9.7ms)
  Rendering /Users/colin/.gem/ruby/2.3.3/gems/actionpack-5.0.5/lib/action_dispatch/middleware/templates/rescues/_trace.html.erb
  Rendered /Users/colin/.gem/ruby/2.3.3/gems/actionpack-5.0.5/lib/action_dispatch/middleware/templates/rescues/_trace.html.erb (3.6ms)
  Rendering /Users/colin/.gem/ruby/2.3.3/gems/actionpack-5.0.5/lib/action_dispatch/middleware/templates/rescues/_request_and_response.html.erb
  Rendered /Users/colin/.gem/ruby/2.3.3/gems/actionpack-5.0.5/lib/action_dispatch/middleware/templates/rescues/_request_and_response.html.erb (16.8ms)
  Rendered /Users/colin/.gem/ruby/2.3.3/gems/actionpack-5.0.5/lib/action_dispatch/middleware/templates/rescues/template_error.html.erb within rescues/layout (93.2ms)
DEPRECATION WARNING: #original_exception is deprecated. Use #cause instead. (called from block in render_exception_with_web_console at /Users/colin/.gem/ruby/2.3.3/gems/web-console-2.3.0/lib/web_console/extensions.rb:16)
DEPRECATION WARNING: Accessing mime types via constants is deprecated. Please change `Mime::HTML` to `Mime[:html]`. (called from acceptable_content_type? at /Users/colin/.gem/ruby/2.3.3/gems/web-console-2.3.0/lib/web_console/middleware.rb:58)
  Rendering /Users/colin/.gem/ruby/2.3.3/gems/web-console-2.3.0/lib/web_console/templates/index.html.erb
  Rendered /Users/colin/.gem/ruby/2.3.3/gems/web-console-2.3.0/lib/web_console/templates/_markup.html.erb (0.4ms)
  Rendering /Users/colin/.gem/ruby/2.3.3/gems/web-console-2.3.0/lib/web_console/templates/console.js.erb within layouts/javascript
  Rendering /Users/colin/.gem/ruby/2.3.3/gems/web-console-2.3.0/lib/web_console/templates/_inner_console_markup.html.erb within layouts/inlined_string
  Rendered /Users/colin/.gem/ruby/2.3.3/gems/web-console-2.3.0/lib/web_console/templates/_inner_console_markup.html.erb within layouts/inlined_string (0.7ms)
  Rendering /Users/colin/.gem/ruby/2.3.3/gems/web-console-2.3.0/lib/web_console/templates/_prompt_box_markup.html.erb within layouts/inlined_string
  Rendered /Users/colin/.gem/ruby/2.3.3/gems/web-console-2.3.0/lib/web_console/templates/_prompt_box_markup.html.erb within layouts/inlined_string (0.4ms)
  Rendering /Users/colin/.gem/ruby/2.3.3/gems/web-console-2.3.0/lib/web_console/templates/style.css.erb within layouts/inlined_string
  Rendered /Users/colin/.gem/ruby/2.3.3/gems/web-console-2.3.0/lib/web_console/templates/style.css.erb within layouts/inlined_string (0.4ms)
DEPRECATION WARNING: Accessing mime types via constants is deprecated. Please change `Mime::WEB_CONSOLE_V2` to `Mime[:web_console_v2]`. (called from ___sers_colin__gem_ruby_______gems_web_console_______lib_web_console_templates_console_js_erb___2581232919133051156_70155396387620 at /Users/colin/.gem/ruby/2.3.3/gems/web-console-2.3.0/lib/web_console/templates/console.js.erb:491)
  Rendered /Users/colin/.gem/ruby/2.3.3/gems/web-console-2.3.0/lib/web_console/templates/console.js.erb within layouts/javascript (77.8ms)
  Rendering /Users/colin/.gem/ruby/2.3.3/gems/web-console-2.3.0/lib/web_console/templates/main.js.erb within layouts/javascript
  Rendered /Users/colin/.gem/ruby/2.3.3/gems/web-console-2.3.0/lib/web_console/templates/main.js.erb within layouts/javascript (0.3ms)
  Rendering /Users/colin/.gem/ruby/2.3.3/gems/web-console-2.3.0/lib/web_console/templates/error_page.js.erb within layouts/javascript
  Rendered /Users/colin/.gem/ruby/2.3.3/gems/web-console-2.3.0/lib/web_console/templates/error_page.js.erb within layouts/javascript (0.6ms)
  Rendered /Users/colin/.gem/ruby/2.3.3/gems/web-console-2.3.0/lib/web_console/templates/index.html.erb (165.0ms)
Started GET "/" for ::1 at 2017-08-02 16:24:16 -0400
Processing by StaticPagesController#index as HTML
  Rendering static_pages/index.html.haml within layouts/application
  Rendered static_pages/index.html.haml within layouts/application (2.3ms)
Completed 500 Internal Server Error in 1502ms (ActiveRecord: 0.0ms)


  
ActionView::Template::Error ($color: "foreground(#2199e8)" is not a color for `red'):
     7: 
     8:     %title= content_for?(:title) ? yield(:title) : "Untitled"
     9: 
    10:     = stylesheet_link_tag "application"
    11:     = javascript_include_tag "application", "data-turbolinks-track" => true
    12:     = csrf_meta_tag
    13: 
  
app/assets/stylesheets/foundation_and_overrides.scss:21
app/assets/stylesheets/application.scss:1
app/views/layouts/application.html.haml:10:in `_app_views_layouts_application_html_haml__4290244981336853061_70155382618480'
  Rendering /Users/colin/.gem/ruby/2.3.3/gems/actionpack-5.0.5/lib/action_dispatch/middleware/templates/rescues/template_error.html.erb within rescues/layout
  Rendering /Users/colin/.gem/ruby/2.3.3/gems/actionpack-5.0.5/lib/action_dispatch/middleware/templates/rescues/_source.html.erb
  Rendered /Users/colin/.gem/ruby/2.3.3/gems/actionpack-5.0.5/lib/action_dispatch/middleware/templates/rescues/_source.html.erb (6.3ms)
  Rendering /Users/colin/.gem/ruby/2.3.3/gems/actionpack-5.0.5/lib/action_dispatch/middleware/templates/rescues/_trace.html.erb
  Rendered /Users/colin/.gem/ruby/2.3.3/gems/actionpack-5.0.5/lib/action_dispatch/middleware/templates/rescues/_trace.html.erb (2.5ms)
  Rendering /Users/colin/.gem/ruby/2.3.3/gems/actionpack-5.0.5/lib/action_dispatch/middleware/templates/rescues/_request_and_response.html.erb
  Rendered /Users/colin/.gem/ruby/2.3.3/gems/actionpack-5.0.5/lib/action_dispatch/middleware/templates/rescues/_request_and_response.html.erb (0.8ms)
  Rendered /Users/colin/.gem/ruby/2.3.3/gems/actionpack-5.0.5/lib/action_dispatch/middleware/templates/rescues/template_error.html.erb within rescues/layout (71.0ms)
DEPRECATION WARNING: #original_exception is deprecated. Use #cause instead. (called from block in render_exception_with_web_console at /Users/colin/.gem/ruby/2.3.3/gems/web-console-2.3.0/lib/web_console/extensions.rb:16)
DEPRECATION WARNING: Accessing mime types via constants is deprecated. Please change `Mime::HTML` to `Mime[:html]`. (called from acceptable_content_type? at /Users/colin/.gem/ruby/2.3.3/gems/web-console-2.3.0/lib/web_console/middleware.rb:58)
  Rendering /Users/colin/.gem/ruby/2.3.3/gems/web-console-2.3.0/lib/web_console/templates/index.html.erb
  Rendered /Users/colin/.gem/ruby/2.3.3/gems/web-console-2.3.0/lib/web_console/templates/_markup.html.erb (0.5ms)
  Rendering /Users/colin/.gem/ruby/2.3.3/gems/web-console-2.3.0/lib/web_console/templates/console.js.erb within layouts/javascript
  Rendering /Users/colin/.gem/ruby/2.3.3/gems/web-console-2.3.0/lib/web_console/templates/_inner_console_markup.html.erb within layouts/inlined_string
  Rendered /Users/colin/.gem/ruby/2.3.3/gems/web-console-2.3.0/lib/web_console/templates/_inner_console_markup.html.erb within layouts/inlined_string (0.3ms)
  Rendering /Users/colin/.gem/ruby/2.3.3/gems/web-console-2.3.0/lib/web_console/templates/_prompt_box_markup.html.erb within layouts/inlined_string
  Rendered /Users/colin/.gem/ruby/2.3.3/gems/web-console-2.3.0/lib/web_console/templates/_prompt_box_markup.html.erb within layouts/inlined_string (0.3ms)
  Rendering /Users/colin/.gem/ruby/2.3.3/gems/web-console-2.3.0/lib/web_console/templates/style.css.erb within layouts/inlined_string
  Rendered /Users/colin/.gem/ruby/2.3.3/gems/web-console-2.3.0/lib/web_console/templates/style.css.erb within layouts/inlined_string (0.3ms)
DEPRECATION WARNING: Accessing mime types via constants is deprecated. Please change `Mime::WEB_CONSOLE_V2` to `Mime[:web_console_v2]`. (called from ___sers_colin__gem_ruby_______gems_web_console_______lib_web_console_templates_console_js_erb___2581232919133051156_70155414749740 at /Users/colin/.gem/ruby/2.3.3/gems/web-console-2.3.0/lib/web_console/templates/console.js.erb:491)
  Rendered /Users/colin/.gem/ruby/2.3.3/gems/web-console-2.3.0/lib/web_console/templates/console.js.erb within layouts/javascript (55.5ms)
  Rendering /Users/colin/.gem/ruby/2.3.3/gems/web-console-2.3.0/lib/web_console/templates/main.js.erb within layouts/javascript
  Rendered /Users/colin/.gem/ruby/2.3.3/gems/web-console-2.3.0/lib/web_console/templates/main.js.erb within layouts/javascript (0.3ms)
  Rendering /Users/colin/.gem/ruby/2.3.3/gems/web-console-2.3.0/lib/web_console/templates/error_page.js.erb within layouts/javascript
  Rendered /Users/colin/.gem/ruby/2.3.3/gems/web-console-2.3.0/lib/web_console/templates/error_page.js.erb within layouts/javascript (0.3ms)
  Rendered /Users/colin/.gem/ruby/2.3.3/gems/web-console-2.3.0/lib/web_console/templates/index.html.erb (122.3ms)
